<?xml version="1.0" encoding="UTF-8"?>
<!-- Generated by org.testng.reporters.JUnitXMLReporter -->
<testsuite ignored="2" hostname="DESKTOP-K8540DJ" failures="0" tests="1" name="Default test" time="15.333" errors="0" timestamp="2023-06-19T20:57:54 IST">
  <testcase classname="executePageClasses.ExecuteLoginPageClass" name="verify_Successfull_Login" time="2.845"/>
  <testcase classname="executePageClasses.ExecuteLoginPageClass" name="verify_UnSuccessful_Login" time="0.0">
    <ignored/>
  </testcase> <!-- verify_UnSuccessful_Login -->
  <testcase classname="executePageClasses.ExecuteLoginPageClass" name="verify_The_Correct_Page_Is_Open_While_Hitting_The_Url" time="0.0">
    <ignored/>
  </testcase> <!-- verify_The_Correct_Page_Is_Open_While_Hitting_The_Url -->
</testsuite> <!-- Default test -->
