<?xml version="1.0" encoding="UTF-8"?>
<!-- Generated by org.testng.reporters.JUnitXMLReporter -->
<testsuite ignored="0" hostname="DESKTOP-K8540DJ" failures="0" tests="2" name="Chrome Test" time="53.492" errors="0" timestamp="2023-06-23T20:48:52 IST">
  <testcase classname="executePageClasses.ExecuteClientPageClass" name="verify_Client_Search_Functionality" time="6.213"/>
  <testcase classname="executePageClasses.ExecuteClientPageClass" name="verify_To_Create_New_Client" time="13.04"/>
</testsuite> <!-- Chrome Test -->
