<?xml version="1.0" encoding="UTF-8"?>
<!-- Generated by org.testng.reporters.JUnitXMLReporter -->
<testsuite ignored="0" hostname="DESKTOP-K8540DJ" failures="0" tests="18" name="edgeTest" time="0.487" errors="0" timestamp="2023-06-19T21:47:52 IST">
  <testcase classname="executePageClasses.ExecuteClientPageClass" name="verify_Client_Search_Functionality" time="0.0">
    <skipped/>
  </testcase> <!-- verify_Client_Search_Functionality -->
  <testcase classname="executePageClasses.ExecuteClientPageClass" name="verify_To_Create_New_Client" time="0.001">
    <skipped/>
  </testcase> <!-- verify_To_Create_New_Client -->
  <testcase classname="executePageClasses.ExecuteDeductionPageClass" name="verify_The_Page_Deduction_Is_Open_While_Clicking_On_Deductions_Tab_Or_Not" time="0.0">
    <skipped/>
  </testcase> <!-- verify_The_Page_Deduction_Is_Open_While_Clicking_On_Deductions_Tab_Or_Not -->
  <testcase classname="executePageClasses.ExecuteDeductionPageClass" name="verify_To_Add_A_New_Deduction" time="0.0">
    <skipped/>
  </testcase> <!-- verify_To_Add_A_New_Deduction -->
  <testcase classname="executePageClasses.ExecuteWorkersPageClass" name="verify_To_Create_New_Worker" time="0.0">
    <skipped/>
  </testcase> <!-- verify_To_Create_New_Worker -->
  <testcase classname="executePageClasses.ExecuteWorkersPageClass" name="verify_To_Search_A_Worker" time="0.001">
    <skipped/>
  </testcase> <!-- verify_To_Search_A_Worker -->
  <testcase classname="executePageClasses.ExecuteWorkersPageClass" name="verify_To_Delete_A_Worker" time="0.003">
    <skipped/>
  </testcase> <!-- verify_To_Delete_A_Worker -->
  <testcase classname="executePageClasses.ExecuteDashBoardPageClass" name="f" time="0.0">
    <skipped/>
  </testcase> <!-- f -->
  <testcase classname="executePageClasses.ExecuteDashBoardPageClass" name="verify_Client_Tab_Is_Displayed_Or_Not" time="0.0">
    <skipped/>
  </testcase> <!-- verify_Client_Tab_Is_Displayed_Or_Not -->
  <testcase classname="executePageClasses.ExecuteDashBoardPageClass" name="verify_Deduction_Tab_Is_Displayed_Or_Not" time="0.0">
    <skipped/>
  </testcase> <!-- verify_Deduction_Tab_Is_Displayed_Or_Not -->
  <testcase classname="executePageClasses.ExecuteDashBoardPageClass" name="verify_The_Logo_Is_Displayed_Or_Not" time="0.001">
    <skipped/>
  </testcase> <!-- verify_The_Logo_Is_Displayed_Or_Not -->
  <testcase classname="executePageClasses.ExecuteDashBoardPageClass" name="verify_Welcome_Msg_Is_Displayed_Or_Not" time="0.0">
    <skipped/>
  </testcase> <!-- verify_Welcome_Msg_Is_Displayed_Or_Not -->
  <testcase classname="executePageClasses.ExecuteDashBoardPageClass" name="verify_Workers_Tab_Is_Displayed_Or_Not" time="0.0">
    <skipped/>
  </testcase> <!-- verify_Workers_Tab_Is_Displayed_Or_Not -->
  <testcase classname="executePageClasses.ExecuteLoginPageClass" name="verify_Successfull_Login" time="0.0">
    <skipped/>
  </testcase> <!-- verify_Successfull_Login -->
  <testcase classname="executePageClasses.ExecuteLoginPageClass" name="verify_The_Correct_Page_Is_Open_While_Hitting_The_Url" time="0.0">
    <skipped/>
  </testcase> <!-- verify_The_Correct_Page_Is_Open_While_Hitting_The_Url -->
  <testcase classname="executePageClasses.ExecuteLoginPageClass" name="verify_UnSuccessful_Login" time="0.0">
    <skipped/>
  </testcase> <!-- verify_UnSuccessful_Login -->
  <testcase classname="executePageClasses.ExecuteLoginPageClass" name="verify_UnSuccessful_Login" time="0.0">
    <skipped/>
  </testcase> <!-- verify_UnSuccessful_Login -->
  <testcase classname="executePageClasses.ExecuteLoginPageClass" name="verify_UnSuccessful_Login" time="0.001">
    <skipped/>
  </testcase> <!-- verify_UnSuccessful_Login -->
</testsuite> <!-- edgeTest -->
