<?xml version="1.0" encoding="UTF-8"?>
<!-- Generated by org.testng.reporters.JUnitXMLReporter -->
<testsuite ignored="0" hostname="DESKTOP-K8540DJ" failures="0" tests="2" name="Test" time="49.399" errors="0" timestamp="2023-06-23T20:43:35 IST">
  <testcase classname="executePageClasses.ExecuteClientPageClass" name="verify_Client_Search_Functionality" time="8.792"/>
  <testcase classname="executePageClasses.ExecuteClientPageClass" name="verify_To_Create_New_Client" time="10.226"/>
</testsuite> <!-- Test -->
